# JRE version: 7.0_11-b21
# Java VM: Java HotSpot(TM) 64-Bit Server VM (23.6-b04 mixed mode windows-amd64 compressed oops)
Heap
 PSYoungGen      total 32640K, used 22485K [0x00000000fa000000, 0x00000000fd520000, 0x0000000100000000)
  eden space 29824K, 65% used [0x00000000fa000000,0x00000000fb336a18,0x00000000fbd20000)
  from space 2816K, 99% used [0x00000000fbe10000,0x00000000fc0ceb40,0x00000000fc0d0000)
  to   space 12288K, 0% used [0x00000000fc920000,0x00000000fc920000,0x00000000fd520000)
 ParOldGen       total 78912K, used 53308K [0x00000000e8000000, 0x00000000ecd10000, 0x00000000fa000000)
  object space 78912K, 67% used [0x00000000e8000000,0x00000000eb40f200,0x00000000ecd10000)
 PSPermGen       total 121600K, used 67794K [0x00000000e0000000, 0x00000000e76c0000, 0x00000000e8000000)
  object space 121600K, 55% used [0x00000000e0000000,0x00000000e4234b40,0x00000000e76c0000)
GC Heap History (10 events):
Event: 4751.677 GC heap before
{Heap before GC invocations=74 (full 2):
 PSYoungGen      total 40320K, used 39789K [0x00000000fa000000, 0x00000000fd6c0000, 0x0000000100000000)
  eden space 29632K, 100% used [0x00000000fa000000,0x00000000fbcf0000,0x00000000fbcf0000)
  from space 10688K, 95% used [0x00000000fbcf0000,0x00000000fc6db630,0x00000000fc760000)
  to   space 11456K, 0% used [0x00000000fcb90000,0x00000000fcb90000,0x00000000fd6c0000)
 ParOldGen       total 69952K, used 60667K [0x00000000e8000000, 0x00000000ec450000, 0x00000000fa000000)
  object space 69952K, 86% used [0x00000000e8000000,0x00000000ebb3ed88,0x00000000ec450000)
 PSPermGen       total 114432K, used 67761K [0x00000000e0000000, 0x00000000e6fc0000, 0x00000000e8000000)
  object space 114432K, 59% used [0x00000000e0000000,0x00000000e422c498,0x00000000e6fc0000)
Event: 4751.686 GC heap after
Heap after GC invocations=74 (full 2):
 PSYoungGen      total 44224K, used 2636K [0x00000000fa000000, 0x00000000fd720000, 0x0000000100000000)
  eden space 32768K, 0% used [0x00000000fa000000,0x00000000fa000000,0x00000000fc000000)
  from space 11456K, 23% used [0x00000000fcb90000,0x00000000fce233d0,0x00000000fd6c0000)
  to   space 11840K, 0% used [0x00000000fc000000,0x00000000fc000000,0x00000000fcb90000)
 ParOldGen       total 73536K, used 71408K [0x00000000e8000000, 0x00000000ec7d0000, 0x00000000fa000000)
  object space 73536K, 97% used [0x00000000e8000000,0x00000000ec5bc268,0x00000000ec7d0000)
 PSPermGen       total 114432K, used 67761K [0x00000000e0000000, 0x00000000e6fc0000, 0x00000000e8000000)
  object space 114432K, 59% used [0x00000000e0000000,0x00000000e422c498,0x00000000e6fc0000)
}
Event: 4751.686 GC heap before
{Heap before GC invocations=75 (full 3):
 PSYoungGen      total 44224K, used 2636K [0x00000000fa000000, 0x00000000fd720000, 0x0000000100000000)
  eden space 32768K, 0% used [0x00000000fa000000,0x00000000fa000000,0x00000000fc000000)
  from space 11456K, 23% used [0x00000000fcb90000,0x00000000fce233d0,0x00000000fd6c0000)
  to   space 11840K, 0% used [0x00000000fc000000,0x00000000fc000000,0x00000000fcb90000)
 ParOldGen       total 73536K, used 71408K [0x00000000e8000000, 0x00000000ec7d0000, 0x00000000fa000000)
  object space 73536K, 97% used [0x00000000e8000000,0x00000000ec5bc268,0x00000000ec7d0000)
 PSPermGen       total 114432K, used 67761K [0x00000000e0000000, 0x00000000e6fc0000, 0x00000000e8000000)
  object space 114432K, 59% used [0x00000000e0000000,0x00000000e422c498,0x00000000e6fc0000)
Event: 4751.842 GC heap after
Heap after GC invocations=75 (full 3):
 PSYoungGen      total 44224K, used 0K [0x00000000fa000000, 0x00000000fd720000, 0x0000000100000000)
  eden space 32768K, 0% used [0x00000000fa000000,0x00000000fa000000,0x00000000fc000000)
  from space 11456K, 0% used [0x00000000fcb90000,0x00000000fcb90000,0x00000000fd6c0000)
  to   space 11840K, 0% used [0x00000000fc000000,0x00000000fc000000,0x00000000fcb90000)
 ParOldGen       total 78912K, used 53308K [0x00000000e8000000, 0x00000000ecd10000, 0x00000000fa000000)
  object space 78912K, 67% used [0x00000000e8000000,0x00000000eb40f200,0x00000000ecd10000)
 PSPermGen       total 121600K, used 67679K [0x00000000e0000000, 0x00000000e76c0000, 0x00000000e8000000)
  object space 121600K, 55% used [0x00000000e0000000,0x00000000e4217f48,0x00000000e76c0000)
}
Event: 4786.438 GC heap before
{Heap before GC invocations=76 (full 3):
 PSYoungGen      total 44224K, used 32768K [0x00000000fa000000, 0x00000000fd720000, 0x0000000100000000)
  eden space 32768K, 100% used [0x00000000fa000000,0x00000000fc000000,0x00000000fc000000)
  from space 11456K, 0% used [0x00000000fcb90000,0x00000000fcb90000,0x00000000fd6c0000)
  to   space 11840K, 0% used [0x00000000fc000000,0x00000000fc000000,0x00000000fcb90000)
 ParOldGen       total 78912K, used 53308K [0x00000000e8000000, 0x00000000ecd10000, 0x00000000fa000000)
  object space 78912K, 67% used [0x00000000e8000000,0x00000000eb40f200,0x00000000ecd10000)
 PSPermGen       total 121600K, used 67712K [0x00000000e0000000, 0x00000000e76c0000, 0x00000000e8000000)
  object space 121600K, 55% used [0x00000000e0000000,0x00000000e4220240,0x00000000e76c0000)
Event: 4786.442 GC heap after
Heap after GC invocations=76 (full 3):
 PSYoungGen      total 33664K, used 1857K [0x00000000fa000000, 0x00000000fd6e0000, 0x0000000100000000)
  eden space 31744K, 0% used [0x00000000fa000000,0x00000000fa000000,0x00000000fbf00000)
  from space 1920K, 96% used [0x00000000fc000000,0x00000000fc1d05f0,0x00000000fc1e0000)
  to   space 12224K, 0% used [0x00000000fcaf0000,0x00000000fcaf0000,0x00000000fd6e0000)
 ParOldGen       total 78912K, used 53308K [0x00000000e8000000, 0x00000000ecd10000, 0x00000000fa000000)
  object space 78912K, 67% used [0x00000000e8000000,0x00000000eb40f200,0x00000000ecd10000)
 PSPermGen       total 121600K, used 67712K [0x00000000e0000000, 0x00000000e76c0000, 0x00000000e8000000)
  object space 121600K, 55% used [0x00000000e0000000,0x00000000e4220240,0x00000000e76c0000)
}
Event: 4799.114 GC heap before
{Heap before GC invocations=77 (full 3):
 PSYoungGen      total 33664K, used 33601K [0x00000000fa000000, 0x00000000fd6e0000, 0x0000000100000000)
  eden space 31744K, 100% used [0x00000000fa000000,0x00000000fbf00000,0x00000000fbf00000)
  from space 1920K, 96% used [0x00000000fc000000,0x00000000fc1d05f0,0x00000000fc1e0000)
  to   space 12224K, 0% used [0x00000000fcaf0000,0x00000000fcaf0000,0x00000000fd6e0000)
 ParOldGen       total 78912K, used 53308K [0x00000000e8000000, 0x00000000ecd10000, 0x00000000fa000000)
  object space 78912K, 67% used [0x00000000e8000000,0x00000000eb40f200,0x00000000ecd10000)
 PSPermGen       total 121600K, used 67767K [0x00000000e0000000, 0x00000000e76c0000, 0x00000000e8000000)
  object space 121600K, 55% used [0x00000000e0000000,0x00000000e422dee8,0x00000000e76c0000)
Event: 4799.119 GC heap after
Heap after GC invocations=77 (full 3):
 PSYoungGen      total 42432K, used 1936K [0x00000000fa000000, 0x00000000fd650000, 0x0000000100000000)
  eden space 30784K, 0% used [0x00000000fa000000,0x00000000fa000000,0x00000000fbe10000)
  from space 11648K, 16% used [0x00000000fcaf0000,0x00000000fccd4118,0x00000000fd650000)
  to   space 12416K, 0% used [0x00000000fbe10000,0x00000000fbe10000,0x00000000fca30000)
 ParOldGen       total 78912K, used 53308K [0x00000000e8000000, 0x00000000ecd10000, 0x00000000fa000000)
  object space 78912K, 67% used [0x00000000e8000000,0x00000000eb40f200,0x00000000ecd10000)
 PSPermGen       total 121600K, used 67767K [0x00000000e0000000, 0x00000000e76c0000, 0x00000000e8000000)
  object space 121600K, 55% used [0x00000000e0000000,0x00000000e422dee8,0x00000000e76c0000)
}
Event: 4909.464 GC heap before
{Heap before GC invocations=78 (full 3):
 PSYoungGen      total 42432K, used 32720K [0x00000000fa000000, 0x00000000fd650000, 0x0000000100000000)
  eden space 30784K, 100% used [0x00000000fa000000,0x00000000fbe10000,0x00000000fbe10000)
  from space 11648K, 16% used [0x00000000fcaf0000,0x00000000fccd4118,0x00000000fd650000)
  to   space 12416K, 0% used [0x00000000fbe10000,0x00000000fbe10000,0x00000000fca30000)
 ParOldGen       total 78912K, used 53308K [0x00000000e8000000, 0x00000000ecd10000, 0x00000000fa000000)
  object space 78912K, 67% used [0x00000000e8000000,0x00000000eb40f200,0x00000000ecd10000)
 PSPermGen       total 121600K, used 67784K [0x00000000e0000000, 0x00000000e76c0000, 0x00000000e8000000)
  object space 121600K, 55% used [0x00000000e0000000,0x00000000e4232028,0x00000000e76c0000)
Event: 4909.476 GC heap after
Heap after GC invocations=78 (full 3):
 PSYoungGen      total 32640K, used 2810K [0x00000000fa000000, 0x00000000fd520000, 0x0000000100000000)
  eden space 29824K, 0% used [0x00000000fa000000,0x00000000fa000000,0x00000000fbd20000)
  from space 2816K, 99% used [0x00000000fbe10000,0x00000000fc0ceb40,0x00000000fc0d0000)
  to   space 12288K, 0% used [0x00000000fc920000,0x00000000fc920000,0x00000000fd520000)
 ParOldGen       total 78912K, used 53308K [0x00000000e8000000, 0x00000000ecd10000, 0x00000000fa000000)
  object space 78912K, 67% used [0x00000000e8000000,0x00000000eb40f200,0x00000000ecd10000)
 PSPermGen       total 121600K, used 67784K [0x00000000e0000000, 0x00000000e76c0000, 0x00000000e8000000)
  object space 121600K, 55% used [0x00000000e0000000,0x00000000e4232028,0x00000000e76c0000)
}

